0 info it worked if it ends with ok
1 verbose cli [ '/usr/lib/nodejs/node-v6.11.3/bin/node',
1 verbose cli   '/usr/lib/nodejs/node-v6.11.3/bin/npm',
1 verbose cli   'start' ]
2 info using npm@3.10.10
3 info using node@v6.11.3
4 verbose run-script [ 'prestart', 'start', 'poststart' ]
5 info lifecycle socket-auth@0.0.0~prestart: socket-auth@0.0.0
6 silly lifecycle socket-auth@0.0.0~prestart: no script for prestart, continuing
7 info lifecycle socket-auth@0.0.0~start: socket-auth@0.0.0
8 verbose lifecycle socket-auth@0.0.0~start: unsafe-perm in lifecycle true
9 verbose lifecycle socket-auth@0.0.0~start: PATH: /usr/lib/nodejs/node-v6.11.3/lib/node_modules/npm/bin/node-gyp-bin:/home/durbinlabs/Desktop/Web Server Chrome/Auth/socket-token-auth-server-master/node_modules/.bin:/home/durbinlabs/bin:/home/durbinlabs/.local/bin:/usr/lib/nodejs/node-v6.11.3/bin:/usr/local/sbin:/usr/local/bin:/usr/sbin:/usr/bin:/sbin:/bin:/usr/games:/usr/local/games:/snap/bin
10 verbose lifecycle socket-auth@0.0.0~start: CWD: /home/durbinlabs/Desktop/Web Server Chrome/Auth/socket-token-auth-server-master
11 silly lifecycle socket-auth@0.0.0~start: Args: [ '-c', 'node ./bin/www' ]
12 silly lifecycle socket-auth@0.0.0~start: Returned: code: 1  signal: null
13 info lifecycle socket-auth@0.0.0~start: Failed to exec start script
14 verbose stack Error: socket-auth@0.0.0 start: `node ./bin/www`
14 verbose stack Exit status 1
14 verbose stack     at EventEmitter.<anonymous> (/usr/lib/nodejs/node-v6.11.3/lib/node_modules/npm/lib/utils/lifecycle.js:255:16)
14 verbose stack     at emitTwo (events.js:106:13)
14 verbose stack     at EventEmitter.emit (events.js:191:7)
14 verbose stack     at ChildProcess.<anonymous> (/usr/lib/nodejs/node-v6.11.3/lib/node_modules/npm/lib/utils/spawn.js:40:14)
14 verbose stack     at emitTwo (events.js:106:13)
14 verbose stack     at ChildProcess.emit (events.js:191:7)
14 verbose stack     at maybeClose (internal/child_process.js:920:16)
14 verbose stack     at Process.ChildProcess._handle.onexit (internal/child_process.js:230:5)
15 verbose pkgid socket-auth@0.0.0
16 verbose cwd /home/durbinlabs/Desktop/Web Server Chrome/Auth/socket-token-auth-server-master
17 error Linux 4.10.0-35-generic
18 error argv "/usr/lib/nodejs/node-v6.11.3/bin/node" "/usr/lib/nodejs/node-v6.11.3/bin/npm" "start"
19 error node v6.11.3
20 error npm  v3.10.10
21 error code ELIFECYCLE
22 error socket-auth@0.0.0 start: `node ./bin/www`
22 error Exit status 1
23 error Failed at the socket-auth@0.0.0 start script 'node ./bin/www'.
23 error Make sure you have the latest version of node.js and npm installed.
23 error If you do, this is most likely a problem with the socket-auth package,
23 error not with npm itself.
23 error Tell the author that this fails on your system:
23 error     node ./bin/www
23 error You can get information on how to open an issue for this project with:
23 error     npm bugs socket-auth
23 error Or if that isn't available, you can get their info via:
23 error     npm owner ls socket-auth
23 error There is likely additional logging output above.
24 verbose exit [ 1, true ]
